生成启动时间为 2014/7/23 6:03:40。
     1>项目“F:\Github\ourTLD\code\ourTLD\ourTLD\ourTLD.vcxproj”在节点 2 上(build 个目标)。
     1>InitializeBuildStatus:
         正在对“Debug\ourTLD.unsuccessfulbuild”执行 Touch 任务。
       ClCompile:
         C:\Program Files (x86)\Microsoft Visual Studio 10.0\VC\bin\CL.exe /c /ZI /nologo /W3 /WX- /Od /Oy- /D _MBCS /Gm /EHsc /RTC1 /MDd /GS /fp:precise /Zc:wchar_t /Zc:forScope /Fo"Debug\\" /Fd"Debug\vc100.pdb" /Gd /TP /analyze- /errorReport:prompt Config.cpp bbox.cpp detecting.cpp main.cpp test.cpp tracking.cpp
         tracking.cpp
     1>f:\github\ourtld\code\ourtld\ourtld\fern.h : warning C4819: 该文件包含不能在当前代码页(936)中表示的字符。请将该文件保存为 Unicode 格式以防止数据丢失
     1>f:\github\ourtld\code\ourtld\ourtld\detecting.h(19): error C2061: 语法错误: 标识符“Config”
     1>f:\github\ourtld\code\ourtld\ourtld\tracking.cpp(70): warning C4244: “=”: 从“double”转换到“float”，可能丢失数据
     1>f:\github\ourtld\code\ourtld\ourtld\tracking.cpp(75): warning C4244: “=”: 从“double”转换到“float”，可能丢失数据
     1>f:\github\ourtld\code\ourtld\ourtld\tracking.cpp(77): warning C4244: “=”: 从“double”转换到“float”，可能丢失数据
         test.cpp
     1>f:\github\ourtld\code\ourtld\ourtld\fern.h : warning C4819: 该文件包含不能在当前代码页(936)中表示的字符。请将该文件保存为 Unicode 格式以防止数据丢失
     1>f:\github\ourtld\code\ourtld\ourtld\detecting.h(19): error C2061: 语法错误: 标识符“Config”
     1>f:\github\ourtld\code\ourtld\ourtld\fern.h : warning C4819: 该文件包含不能在当前代码页(936)中表示的字符。请将该文件保存为 Unicode 格式以防止数据丢失
     1>f:\github\ourtld\code\ourtld\ourtld\test.cpp(8): warning C4305: “初始化”: 从“double”到“float”截断
     1>f:\github\ourtld\code\ourtld\ourtld\test.cpp(8): warning C4305: “初始化”: 从“double”到“float”截断
     1>f:\github\ourtld\code\ourtld\ourtld\test.cpp(8): warning C4305: “初始化”: 从“double”到“float”截断
     1>f:\github\ourtld\code\ourtld\ourtld\test.cpp(8): warning C4305: “初始化”: 从“double”到“float”截断
     1>f:\github\ourtld\code\ourtld\ourtld\test.cpp(10): warning C4305: “初始化”: 从“double”到“float”截断
     1>f:\github\ourtld\code\ourtld\ourtld\test.cpp(10): warning C4305: “初始化”: 从“double”到“float”截断
     1>f:\github\ourtld\code\ourtld\ourtld\test.cpp(10): warning C4305: “初始化”: 从“double”到“float”截断
     1>f:\github\ourtld\code\ourtld\ourtld\test.cpp(10): warning C4305: “初始化”: 从“double”到“float”截断
     1>f:\github\ourtld\code\ourtld\ourtld\test.cpp(10): warning C4305: “初始化”: 从“double”到“float”截断
     1>f:\github\ourtld\code\ourtld\ourtld\test.cpp(10): warning C4305: “初始化”: 从“double”到“float”截断
         main.cpp
     1>f:\github\ourtld\code\ourtld\ourtld\fern.h : warning C4819: 该文件包含不能在当前代码页(936)中表示的字符。请将该文件保存为 Unicode 格式以防止数据丢失
     1>f:\github\ourtld\code\ourtld\ourtld\detecting.h(19): error C2061: 语法错误: 标识符“Config”
     1>f:\github\ourtld\code\ourtld\ourtld\fern.h : warning C4819: 该文件包含不能在当前代码页(936)中表示的字符。请将该文件保存为 Unicode 格式以防止数据丢失
         detecting.cpp
     1>f:\github\ourtld\code\ourtld\ourtld\detecting.cpp : warning C4819: 该文件包含不能在当前代码页(936)中表示的字符。请将该文件保存为 Unicode 格式以防止数据丢失
     1>f:\github\ourtld\code\ourtld\ourtld\config.h(41): error C2039: “DT”: 不是“TLD”的成员
     1>f:\github\ourtld\code\ourtld\ourtld\config.h(41): error C2065: “DT”: 未声明的标识符
     1>f:\github\ourtld\code\ourtld\ourtld\fern.h : warning C4819: 该文件包含不能在当前代码页(936)中表示的字符。请将该文件保存为 Unicode 格式以防止数据丢失
     1>f:\github\ourtld\code\ourtld\ourtld\detecting.cpp(12): error C2665: “TLD::fern”: 8 个重载中没有一个可以转换所有参数类型
                 f:\github\ourtld\code\ourtld\ourtld\fern.h(19): 可能是“std::vector<_Ty> TLD::fern(int,cv::Mat,cv::Mat,float,int,bool)”
                 with
                 [
                     _Ty=double
                 ]
                 f:\github\ourtld\code\ourtld\ourtld\fern.h(20): 或       “void TLD::fern(int,cv::Mat,cv::Mat,float,int,cv::Mat)”
                 f:\github\ourtld\code\ourtld\ourtld\fern.h(22): 或       “void TLD::fern(int,cv::Mat,float,float,std::vector<_Ty>,cv::Mat)”
                 with
                 [
                     _Ty=float
                 ]
                 尝试匹配参数列表“(int, cv::Mat, float, float, float, float)”时
     1>f:\github\ourtld\code\ourtld\ourtld\detecting.cpp(15): error C2664: “TLD::find_index”: 不能将参数 1 从“float”转换为“std::vector<_Ty>”
                 with
                 [
                     _Ty=float
                 ]
                 class“std::vector<_Ty>”的构造函数声明为“explicit”
                 with
                 [
                     _Ty=float
                 ]
     1>f:\github\ourtld\code\ourtld\ourtld\detecting.cpp(30): error C2678: 二进制“[”: 没有找到接受“std::vector”类型的左操作数的运算符(或没有可接受的转换)
                 c:\program files (x86)\microsoft visual studio 10.0\vc\include\vector(911): 可能是“vector<_Ty,_Ax>::_Alloc::const_reference std::vector<_Ty,_Ax>::operator [](vector<_Ty,_Ax>::_Alloc::size_type) const”
                 c:\program files (x86)\microsoft visual studio 10.0\vc\include\vector(927): 或       “vector<_Ty,_Ax>::_Alloc::reference std::vector<_Ty,_Ax>::operator [](vector<_Ty,_Ax>::_Alloc::size_type)”
                 尝试匹配参数列表“(std::vector, int)”时
         bbox.cpp
     1>f:\github\ourtld\code\ourtld\ourtld\fern.h : warning C4819: 该文件包含不能在当前代码页(936)中表示的字符。请将该文件保存为 Unicode 格式以防止数据丢失
     1>f:\github\ourtld\code\ourtld\ourtld\detecting.h(19): error C2061: 语法错误: 标识符“Config”
     1>f:\github\ourtld\code\ourtld\ourtld\bbox.cpp(73): error C3861: “bb_width”: 找不到标识符
     1>f:\github\ourtld\code\ourtld\ourtld\bbox.cpp(74): error C3861: “bb_height”: 找不到标识符
     1>f:\github\ourtld\code\ourtld\ourtld\bbox.cpp(91): error C3861: “bb_width”: 找不到标识符
     1>f:\github\ourtld\code\ourtld\ourtld\bbox.cpp(92): error C3861: “bb_height”: 找不到标识符
         Config.cpp
     1>f:\github\ourtld\code\ourtld\ourtld\fern.h : warning C4819: 该文件包含不能在当前代码页(936)中表示的字符。请将该文件保存为 Unicode 格式以防止数据丢失
     1>f:\github\ourtld\code\ourtld\ourtld\detecting.h(19): error C2061: 语法错误: 标识符“Config”
         正在生成代码...
     1>已完成生成项目“F:\Github\ourTLD\code\ourTLD\ourTLD\ourTLD.vcxproj”(build 个目标)的操作 - 失败。

生成失败。

已用时间 00:00:05.82
